C:\Program Files (x86)\Microsoft Visual Studio\2019\Community\MSBuild\Microsoft\VC\v160\Microsoft.CppBuild.targets(453,5): warning MSB8004: Output 目录未以斜杠结尾。  此生成实例将添加斜杠，因为必须有这个斜杠才能正确计算 Output 目录。
cl : 命令行 warning D9035: “Gm”选项已否决，并将在将来的版本中移除
  StdAfx.cpp
cl : 命令行 warning D9035: “Gm”选项已否决，并将在将来的版本中移除
  wavegen.cpp
D:\testsound\espeak-ng-wrapper\windows_dll\src\speech.h(38,1): warning C4005: “ESPEAK_API”: 宏重定义
D:\testsound\espeak-ng-wrapper\windows_dll\src\speak_lib.h(34): message : 参见“ESPEAK_API”的前一个定义
D:\testsound\espeak-ng-wrapper\windows_dll\src\wavegen.cpp(2030,45): warning C4244: “参数”: 从“double”转换到“float”，可能丢失数据
  voices.cpp
D:\testsound\espeak-ng-wrapper\windows_dll\src\voices.cpp(284,2): warning C4996: 'sscanf': This function or variable may be unsafe. Consider using sscanf_s instead. To disable deprecation, use _CRT_SECURE_NO_WARNINGS. See online help for details.
D:\testsound\espeak-ng-wrapper\windows_dll\src\voices.cpp(322,3): warning C4996: 'sprintf': This function or variable may be unsafe. Consider using sprintf_s instead. To disable deprecation, use _CRT_SECURE_NO_WARNINGS. See online help for details.
D:\testsound\espeak-ng-wrapper\windows_dll\src\voices.cpp(346,4): warning C4996: 'sscanf': This function or variable may be unsafe. Consider using sscanf_s instead. To disable deprecation, use _CRT_SECURE_NO_WARNINGS. See online help for details.
D:\testsound\espeak-ng-wrapper\windows_dll\src\voices.cpp(353,5): warning C4996: 'strcpy': This function or variable may be unsafe. Consider using strcpy_s instead. To disable deprecation, use _CRT_SECURE_NO_WARNINGS. See online help for details.
D:\testsound\espeak-ng-wrapper\windows_dll\src\voices.cpp(360,4): warning C4996: 'sscanf': This function or variable may be unsafe. Consider using sscanf_s instead. To disable deprecation, use _CRT_SECURE_NO_WARNINGS. See online help for details.
D:\testsound\espeak-ng-wrapper\windows_dll\src\voices.cpp(364,4): warning C4996: 'sscanf': This function or variable may be unsafe. Consider using sscanf_s instead. To disable deprecation, use _CRT_SECURE_NO_WARNINGS. See online help for details.
D:\testsound\espeak-ng-wrapper\windows_dll\src\voices.cpp(383,2): warning C4996: 'strcpy': This function or variable may be unsafe. Consider using strcpy_s instead. To disable deprecation, use _CRT_SECURE_NO_WARNINGS. See online help for details.
D:\testsound\espeak-ng-wrapper\windows_dll\src\voices.cpp(390,3): warning C4996: 'strcpy': This function or variable may be unsafe. Consider using strcpy_s instead. To disable deprecation, use _CRT_SECURE_NO_WARNINGS. See online help for details.
D:\testsound\espeak-ng-wrapper\windows_dll\src\voices.cpp(492,7): warning C4996: 'sscanf': This function or variable may be unsafe. Consider using sscanf_s instead. To disable deprecation, use _CRT_SECURE_NO_WARNINGS. See online help for details.
D:\testsound\espeak-ng-wrapper\windows_dll\src\voices.cpp(520,2): warning C4996: 'strcpy': This function or variable may be unsafe. Consider using strcpy_s instead. To disable deprecation, use _CRT_SECURE_NO_WARNINGS. See online help for details.
D:\testsound\espeak-ng-wrapper\windows_dll\src\voices.cpp(521,6): warning C4996: 'sscanf': This function or variable may be unsafe. Consider using sscanf_s instead. To disable deprecation, use _CRT_SECURE_NO_WARNINGS. See online help for details.
D:\testsound\espeak-ng-wrapper\windows_dll\src\voices.cpp(539,9): warning C4996: 'sscanf': This function or variable may be unsafe. Consider using sscanf_s instead. To disable deprecation, use _CRT_SECURE_NO_WARNINGS. See online help for details.
D:\testsound\espeak-ng-wrapper\windows_dll\src\voices.cpp(621,3): warning C4996: 'strcpy': This function or variable may be unsafe. Consider using strcpy_s instead. To disable deprecation, use _CRT_SECURE_NO_WARNINGS. See online help for details.
D:\testsound\espeak-ng-wrapper\windows_dll\src\voices.cpp(628,4): warning C4996: 'strcpy': This function or variable may be unsafe. Consider using strcpy_s instead. To disable deprecation, use _CRT_SECURE_NO_WARNINGS. See online help for details.
D:\testsound\espeak-ng-wrapper\windows_dll\src\voices.cpp(630,3): warning C4996: 'sprintf': This function or variable may be unsafe. Consider using sprintf_s instead. To disable deprecation, use _CRT_SECURE_NO_WARNINGS. See online help for details.
D:\testsound\espeak-ng-wrapper\windows_dll\src\voices.cpp(631,3): warning C4996: 'sprintf': This function or variable may be unsafe. Consider using sprintf_s instead. To disable deprecation, use _CRT_SECURE_NO_WARNINGS. See online help for details.
D:\testsound\espeak-ng-wrapper\windows_dll\src\voices.cpp(642,5): warning C4996: 'sprintf': This function or variable may be unsafe. Consider using sprintf_s instead. To disable deprecation, use _CRT_SECURE_NO_WARNINGS. See online help for details.
D:\testsound\espeak-ng-wrapper\windows_dll\src\voices.cpp(650,5): warning C4996: 'sprintf': This function or variable may be unsafe. Consider using sprintf_s instead. To disable deprecation, use _CRT_SECURE_NO_WARNINGS. See online help for details.
D:\testsound\espeak-ng-wrapper\windows_dll\src\voices.cpp(655,6): warning C4996: 'sprintf': This function or variable may be unsafe. Consider using sprintf_s instead. To disable deprecation, use _CRT_SECURE_NO_WARNINGS. See online help for details.
D:\testsound\espeak-ng-wrapper\windows_dll\src\voices.cpp(661,12): warning C4996: 'fopen': This function or variable may be unsafe. Consider using fopen_s instead. To disable deprecation, use _CRT_SECURE_NO_WARNINGS. See online help for details.
D:\testsound\espeak-ng-wrapper\windows_dll\src\voices.cpp(679,2): warning C4996: 'strcpy': This function or variable may be unsafe. Consider using strcpy_s instead. To disable deprecation, use _CRT_SECURE_NO_WARNINGS. See online help for details.
D:\testsound\espeak-ng-wrapper\windows_dll\src\voices.cpp(680,2): warning C4996: 'strcpy': This function or variable may be unsafe. Consider using strcpy_s instead. To disable deprecation, use _CRT_SECURE_NO_WARNINGS. See online help for details.
D:\testsound\espeak-ng-wrapper\windows_dll\src\voices.cpp(681,2): warning C4996: 'strcpy': This function or variable may be unsafe. Consider using strcpy_s instead. To disable deprecation, use _CRT_SECURE_NO_WARNINGS. See online help for details.
D:\testsound\espeak-ng-wrapper\windows_dll\src\voices.cpp(700,3): warning C4996: 'sprintf': This function or variable may be unsafe. Consider using sprintf_s instead. To disable deprecation, use _CRT_SECURE_NO_WARNINGS. See online help for details.
D:\testsound\espeak-ng-wrapper\windows_dll\src\voices.cpp(701,3): warning C4996: 'strcat': This function or variable may be unsafe. Consider using strcat_s instead. To disable deprecation, use _CRT_SECURE_NO_WARNINGS. See online help for details.
D:\testsound\espeak-ng-wrapper\windows_dll\src\voices.cpp(733,4): warning C4996: 'sscanf': This function or variable may be unsafe. Consider using sscanf_s instead. To disable deprecation, use _CRT_SECURE_NO_WARNINGS. See online help for details.
D:\testsound\espeak-ng-wrapper\windows_dll\src\voices.cpp(743,5): warning C4996: 'strcpy': This function or variable may be unsafe. Consider using strcpy_s instead. To disable deprecation, use _CRT_SECURE_NO_WARNINGS. See online help for details.
D:\testsound\espeak-ng-wrapper\windows_dll\src\voices.cpp(750,21): warning C4996: 'strtok': This function or variable may be unsafe. Consider using strtok_s instead. To disable deprecation, use _CRT_SECURE_NO_WARNINGS. See online help for details.
D:\testsound\espeak-ng-wrapper\windows_dll\src\voices.cpp(752,5): warning C4996: 'strcpy': This function or variable may be unsafe. Consider using strcpy_s instead. To disable deprecation, use _CRT_SECURE_NO_WARNINGS. See online help for details.
D:\testsound\espeak-ng-wrapper\windows_dll\src\voices.cpp(753,5): warning C4996: 'strcpy': This function or variable may be unsafe. Consider using strcpy_s instead. To disable deprecation, use _CRT_SECURE_NO_WARNINGS. See online help for details.
D:\testsound\espeak-ng-wrapper\windows_dll\src\voices.cpp(754,5): warning C4996: 'strcpy': This function or variable may be unsafe. Consider using strcpy_s instead. To disable deprecation, use _CRT_SECURE_NO_WARNINGS. See online help for details.
D:\testsound\espeak-ng-wrapper\windows_dll\src\voices.cpp(779,4): warning C4996: 'sscanf': This function or variable may be unsafe. Consider using sscanf_s instead. To disable deprecation, use _CRT_SECURE_NO_WARNINGS. See online help for details.
D:\testsound\espeak-ng-wrapper\windows_dll\src\voices.cpp(788,4): warning C4996: 'sscanf': This function or variable may be unsafe. Consider using sscanf_s instead. To disable deprecation, use _CRT_SECURE_NO_WARNINGS. See online help for details.
D:\testsound\espeak-ng-wrapper\windows_dll\src\voices.cpp(798,4): warning C4996: 'sscanf': This function or variable may be unsafe. Consider using sscanf_s instead. To disable deprecation, use _CRT_SECURE_NO_WARNINGS. See online help for details.
D:\testsound\espeak-ng-wrapper\windows_dll\src\voices.cpp(802,4): warning C4996: 'sscanf': This function or variable may be unsafe. Consider using sscanf_s instead. To disable deprecation, use _CRT_SECURE_NO_WARNINGS. See online help for details.
D:\testsound\espeak-ng-wrapper\windows_dll\src\voices.cpp(813,8): warning C4996: 'sscanf': This function or variable may be unsafe. Consider using sscanf_s instead. To disable deprecation, use _CRT_SECURE_NO_WARNINGS. See online help for details.
D:\testsound\espeak-ng-wrapper\windows_dll\src\voices.cpp(834,4): warning C4996: 'sscanf': This function or variable may be unsafe. Consider using sscanf_s instead. To disable deprecation, use _CRT_SECURE_NO_WARNINGS. See online help for details.
D:\testsound\espeak-ng-wrapper\windows_dll\src\voices.cpp(840,8): warning C4996: 'sscanf': This function or variable may be unsafe. Consider using sscanf_s instead. To disable deprecation, use _CRT_SECURE_NO_WARNINGS. See online help for details.
D:\testsound\espeak-ng-wrapper\windows_dll\src\voices.cpp(898,4): warning C4996: 'sscanf': This function or variable may be unsafe. Consider using sscanf_s instead. To disable deprecation, use _CRT_SECURE_NO_WARNINGS. See online help for details.
D:\testsound\espeak-ng-wrapper\windows_dll\src\voices.cpp(902,4): warning C4996: 'sscanf': This function or variable may be unsafe. Consider using sscanf_s instead. To disable deprecation, use _CRT_SECURE_NO_WARNINGS. See online help for details.
D:\testsound\espeak-ng-wrapper\windows_dll\src\voices.cpp(909,8): warning C4996: 'sscanf': This function or variable may be unsafe. Consider using sscanf_s instead. To disable deprecation, use _CRT_SECURE_NO_WARNINGS. See online help for details.
D:\testsound\espeak-ng-wrapper\windows_dll\src\voices.cpp(915,9): warning C4996: 'sscanf': This function or variable may be unsafe. Consider using sscanf_s instead. To disable deprecation, use _CRT_SECURE_NO_WARNINGS. See online help for details.
D:\testsound\espeak-ng-wrapper\windows_dll\src\voices.cpp(916,7): warning C4996: 'sscanf': This function or variable may be unsafe. Consider using sscanf_s instead. To disable deprecation, use _CRT_SECURE_NO_WARNINGS. See online help for details.
D:\testsound\espeak-ng-wrapper\windows_dll\src\voices.cpp(931,4): warning C4996: 'sscanf': This function or variable may be unsafe. Consider using sscanf_s instead. To disable deprecation, use _CRT_SECURE_NO_WARNINGS. See online help for details.
D:\testsound\espeak-ng-wrapper\windows_dll\src\voices.cpp(935,7): warning C4996: 'sscanf': This function or variable may be unsafe. Consider using sscanf_s instead. To disable deprecation, use _CRT_SECURE_NO_WARNINGS. See online help for details.
D:\testsound\espeak-ng-wrapper\windows_dll\src\voices.cpp(940,7): warning C4996: 'sscanf': This function or variable may be unsafe. Consider using sscanf_s instead. To disable deprecation, use _CRT_SECURE_NO_WARNINGS. See online help for details.
D:\testsound\espeak-ng-wrapper\windows_dll\src\voices.cpp(945,7): warning C4996: 'sscanf': This function or variable may be unsafe. Consider using sscanf_s instead. To disable deprecation, use _CRT_SECURE_NO_WARNINGS. See online help for details.
D:\testsound\espeak-ng-wrapper\windows_dll\src\voices.cpp(965,7): warning C4996: 'sscanf': This function or variable may be unsafe. Consider using sscanf_s instead. To disable deprecation, use _CRT_SECURE_NO_WARNINGS. See online help for details.
D:\testsound\espeak-ng-wrapper\windows_dll\src\voices.cpp(983,12): warning C4996: 'sscanf': This function or variable may be unsafe. Consider using sscanf_s instead. To disable deprecation, use _CRT_SECURE_NO_WARNINGS. See online help for details.
D:\testsound\espeak-ng-wrapper\windows_dll\src\voices.cpp(987,4): warning C4996: 'sscanf': This function or variable may be unsafe. Consider using sscanf_s instead. To disable deprecation, use _CRT_SECURE_NO_WARNINGS. See online help for details.
D:\testsound\espeak-ng-wrapper\windows_dll\src\voices.cpp(995,4): warning C4996: 'sscanf': This function or variable may be unsafe. Consider using sscanf_s instead. To disable deprecation, use _CRT_SECURE_NO_WARNINGS. See online help for details.
D:\testsound\espeak-ng-wrapper\windows_dll\src\voices.cpp(1016,4): warning C4996: 'sscanf': This function or variable may be unsafe. Consider using sscanf_s instead. To disable deprecation, use _CRT_SECURE_NO_WARNINGS. See online help for details.
D:\testsound\espeak-ng-wrapper\windows_dll\src\voices.cpp(1023,5): warning C4996: 'sscanf': This function or variable may be unsafe. Consider using sscanf_s instead. To disable deprecation, use _CRT_SECURE_NO_WARNINGS. See online help for details.
D:\testsound\espeak-ng-wrapper\windows_dll\src\voices.cpp(1043,7): warning C4996: 'sscanf': This function or variable may be unsafe. Consider using sscanf_s instead. To disable deprecation, use _CRT_SECURE_NO_WARNINGS. See online help for details.
D:\testsound\espeak-ng-wrapper\windows_dll\src\voices.cpp(1059,5): warning C4996: 'sscanf': This function or variable may be unsafe. Consider using sscanf_s instead. To disable deprecation, use _CRT_SECURE_NO_WARNINGS. See online help for details.
D:\testsound\espeak-ng-wrapper\windows_dll\src\voices.cpp(1154,2): warning C4996: 'sprintf': This function or variable may be unsafe. Consider using sprintf_s instead. To disable deprecation, use _CRT_SECURE_NO_WARNINGS. See online help for details.
D:\testsound\espeak-ng-wrapper\windows_dll\src\voices.cpp(1172,5): warning C4996: 'sprintf': This function or variable may be unsafe. Consider using sprintf_s instead. To disable deprecation, use _CRT_SECURE_NO_WARNINGS. See online help for details.
D:\testsound\espeak-ng-wrapper\windows_dll\src\voices.cpp(1180,4): warning C4996: 'sprintf': This function or variable may be unsafe. Consider using sprintf_s instead. To disable deprecation, use _CRT_SECURE_NO_WARNINGS. See online help for details.
D:\testsound\espeak-ng-wrapper\windows_dll\src\voices.cpp(1182,4): warning C4996: 'sprintf': This function or variable may be unsafe. Consider using sprintf_s instead. To disable deprecation, use _CRT_SECURE_NO_WARNINGS. See online help for details.
D:\testsound\espeak-ng-wrapper\windows_dll\src\voices.cpp(1416,3): warning C4996: 'sprintf': This function or variable may be unsafe. Consider using sprintf_s instead. To disable deprecation, use _CRT_SECURE_NO_WARNINGS. See online help for details.
D:\testsound\espeak-ng-wrapper\windows_dll\src\voices.cpp(1482,2): warning C4996: 'sprintf': This function or variable may be unsafe. Consider using sprintf_s instead. To disable deprecation, use _CRT_SECURE_NO_WARNINGS. See online help for details.
D:\testsound\espeak-ng-wrapper\windows_dll\src\voices.cpp(1573,6): warning C4996: 'sprintf': This function or variable may be unsafe. Consider using sprintf_s instead. To disable deprecation, use _CRT_SECURE_NO_WARNINGS. See online help for details.
D:\testsound\espeak-ng-wrapper\windows_dll\src\voices.cpp(1662,3): warning C4996: 'sprintf': This function or variable may be unsafe. Consider using sprintf_s instead. To disable deprecation, use _CRT_SECURE_NO_WARNINGS. See online help for details.
D:\testsound\espeak-ng-wrapper\windows_dll\src\voices.cpp(1733,2): warning C4996: 'sprintf': This function or variable may be unsafe. Consider using sprintf_s instead. To disable deprecation, use _CRT_SECURE_NO_WARNINGS. See online help for details.
D:\testsound\espeak-ng-wrapper\windows_dll\src\voices.cpp(1744,4): warning C4996: 'sprintf': This function or variable may be unsafe. Consider using sprintf_s instead. To disable deprecation, use _CRT_SECURE_NO_WARNINGS. See online help for details.
D:\testsound\espeak-ng-wrapper\windows_dll\src\voices.cpp(1755,19): warning C4996: 'fopen': This function or variable may be unsafe. Consider using fopen_s instead. To disable deprecation, use _CRT_SECURE_NO_WARNINGS. See online help for details.
D:\testsound\espeak-ng-wrapper\windows_dll\src\voices.cpp(1914,9): warning C4068: 未知的 pragma
D:\testsound\espeak-ng-wrapper\windows_dll\src\voices.cpp(1941,2): warning C4996: 'sprintf': This function or variable may be unsafe. Consider using sprintf_s instead. To disable deprecation, use _CRT_SECURE_NO_WARNINGS. See online help for details.
D:\testsound\espeak-ng-wrapper\windows_dll\src\voices.cpp(1983,9): warning C4068: 未知的 pragma
  tr_languages.cpp
D:\testsound\espeak-ng-wrapper\windows_dll\src\speech.h(38,1): warning C4005: “ESPEAK_API”: 宏重定义
D:\testsound\espeak-ng-wrapper\windows_dll\src\speak_lib.h(34): message : 参见“ESPEAK_API”的前一个定义
D:\testsound\espeak-ng-wrapper\windows_dll\src\tr_languages.cpp(201,32): warning C4838: 从“int”转换到“const char”需要收缩转换
D:\testsound\espeak-ng-wrapper\windows_dll\src\tr_languages.cpp(201,32): warning C4309: “初始化”: 截断常量值
D:\testsound\espeak-ng-wrapper\windows_dll\src\tr_languages.cpp(201,37): warning C4838: 从“int”转换到“const char”需要收缩转换
D:\testsound\espeak-ng-wrapper\windows_dll\src\tr_languages.cpp(201,37): warning C4309: “初始化”: 截断常量值
D:\testsound\espeak-ng-wrapper\windows_dll\src\tr_languages.cpp(481,2): warning C4996: 'strcpy': This function or variable may be unsafe. Consider using strcpy_s instead. To disable deprecation, use _CRT_SECURE_NO_WARNINGS. See online help for details.
D:\testsound\espeak-ng-wrapper\windows_dll\src\tr_languages.cpp(921,4): warning C4996: 'strcpy': This function or variable may be unsafe. Consider using strcpy_s instead. To disable deprecation, use _CRT_SECURE_NO_WARNINGS. See online help for details.
  translate.cpp
D:\testsound\espeak-ng-wrapper\windows_dll\src\speech.h(38,1): warning C4005: “ESPEAK_API”: 宏重定义
D:\testsound\espeak-ng-wrapper\windows_dll\src\speak_lib.h(34): message : 参见“ESPEAK_API”的前一个定义
D:\testsound\espeak-ng-wrapper\windows_dll\src\translate.cpp(654,4): warning C4996: 'strcpy': This function or variable may be unsafe. Consider using strcpy_s instead. To disable deprecation, use _CRT_SECURE_NO_WARNINGS. See online help for details.
D:\testsound\espeak-ng-wrapper\windows_dll\src\translate.cpp(788,5): warning C4996: 'strcpy': This function or variable may be unsafe. Consider using strcpy_s instead. To disable deprecation, use _CRT_SECURE_NO_WARNINGS. See online help for details.
D:\testsound\espeak-ng-wrapper\windows_dll\src\translate.cpp(807,2): warning C4996: 'strcpy': This function or variable may be unsafe. Consider using strcpy_s instead. To disable deprecation, use _CRT_SECURE_NO_WARNINGS. See online help for details.
D:\testsound\espeak-ng-wrapper\windows_dll\src\translate.cpp(960,5): warning C4996: 'strcpy': This function or variable may be unsafe. Consider using strcpy_s instead. To disable deprecation, use _CRT_SECURE_NO_WARNINGS. See online help for details.
D:\testsound\espeak-ng-wrapper\windows_dll\src\translate.cpp(1011,4): warning C4996: 'strcpy': This function or variable may be unsafe. Consider using strcpy_s instead. To disable deprecation, use _CRT_SECURE_NO_WARNINGS. See online help for details.
D:\testsound\espeak-ng-wrapper\windows_dll\src\translate.cpp(1036,5): warning C4996: 'sprintf': This function or variable may be unsafe. Consider using sprintf_s instead. To disable deprecation, use _CRT_SECURE_NO_WARNINGS. See online help for details.
D:\testsound\espeak-ng-wrapper\windows_dll\src\translate.cpp(1090,3): warning C4996: 'strcpy': This function or variable may be unsafe. Consider using strcpy_s instead. To disable deprecation, use _CRT_SECURE_NO_WARNINGS. See online help for details.
D:\testsound\espeak-ng-wrapper\windows_dll\src\translate.cpp(1126,5): warning C4996: 'strcpy': This function or variable may be unsafe. Consider using strcpy_s instead. To disable deprecation, use _CRT_SECURE_NO_WARNINGS. See online help for details.
D:\testsound\espeak-ng-wrapper\windows_dll\src\translate.cpp(1163,5): warning C4996: 'strcpy': This function or variable may be unsafe. Consider using strcpy_s instead. To disable deprecation, use _CRT_SECURE_NO_WARNINGS. See online help for details.
D:\testsound\espeak-ng-wrapper\windows_dll\src\translate.cpp(1190,6): warning C4996: 'strcpy': This function or variable may be unsafe. Consider using strcpy_s instead. To disable deprecation, use _CRT_SECURE_NO_WARNINGS. See online help for details.
D:\testsound\espeak-ng-wrapper\windows_dll\src\translate.cpp(1221,8): warning C4996: 'strcpy': This function or variable may be unsafe. Consider using strcpy_s instead. To disable deprecation, use _CRT_SECURE_NO_WARNINGS. See online help for details.
D:\testsound\espeak-ng-wrapper\windows_dll\src\translate.cpp(1222,8): warning C4996: 'strcpy': This function or variable may be unsafe. Consider using strcpy_s instead. To disable deprecation, use _CRT_SECURE_NO_WARNINGS. See online help for details.
D:\testsound\espeak-ng-wrapper\windows_dll\src\translate.cpp(1282,6): warning C4996: 'strcpy': This function or variable may be unsafe. Consider using strcpy_s instead. To disable deprecation, use _CRT_SECURE_NO_WARNINGS. See online help for details.
D:\testsound\espeak-ng-wrapper\windows_dll\src\translate.cpp(1288,7): warning C4996: 'strcpy': This function or variable may be unsafe. Consider using strcpy_s instead. To disable deprecation, use _CRT_SECURE_NO_WARNINGS. See online help for details.
D:\testsound\espeak-ng-wrapper\windows_dll\src\translate.cpp(1298,6): warning C4996: 'strcat': This function or variable may be unsafe. Consider using strcat_s instead. To disable deprecation, use _CRT_SECURE_NO_WARNINGS. See online help for details.
D:\testsound\espeak-ng-wrapper\windows_dll\src\translate.cpp(1319,7): warning C4996: 'strcpy': This function or variable may be unsafe. Consider using strcpy_s instead. To disable deprecation, use _CRT_SECURE_NO_WARNINGS. See online help for details.
D:\testsound\espeak-ng-wrapper\windows_dll\src\translate.cpp(1331,5): warning C4996: 'strcpy': This function or variable may be unsafe. Consider using strcpy_s instead. To disable deprecation, use _CRT_SECURE_NO_WARNINGS. See online help for details.
D:\testsound\espeak-ng-wrapper\windows_dll\src\translate.cpp(1352,8): warning C4996: 'strcpy': This function or variable may be unsafe. Consider using strcpy_s instead. To disable deprecation, use _CRT_SECURE_NO_WARNINGS. See online help for details.
D:\testsound\espeak-ng-wrapper\windows_dll\src\translate.cpp(1373,8): warning C4996: 'strcpy': This function or variable may be unsafe. Consider using strcpy_s instead. To disable deprecation, use _CRT_SECURE_NO_WARNINGS. See online help for details.
D:\testsound\espeak-ng-wrapper\windows_dll\src\translate.cpp(1393,8): warning C4996: 'strcpy': This function or variable may be unsafe. Consider using strcpy_s instead. To disable deprecation, use _CRT_SECURE_NO_WARNINGS. See online help for details.
D:\testsound\espeak-ng-wrapper\windows_dll\src\translate.cpp(1405,9): warning C4996: 'strcpy': This function or variable may be unsafe. Consider using strcpy_s instead. To disable deprecation, use _CRT_SECURE_NO_WARNINGS. See online help for details.
D:\testsound\espeak-ng-wrapper\windows_dll\src\translate.cpp(1407,9): warning C4996: 'strcat': This function or variable may be unsafe. Consider using strcat_s instead. To disable deprecation, use _CRT_SECURE_NO_WARNINGS. See online help for details.
D:\testsound\espeak-ng-wrapper\windows_dll\src\translate.cpp(1426,9): warning C4996: 'strcpy': This function or variable may be unsafe. Consider using strcpy_s instead. To disable deprecation, use _CRT_SECURE_NO_WARNINGS. See online help for details.
D:\testsound\espeak-ng-wrapper\windows_dll\src\translate.cpp(1497,4): warning C4996: 'sprintf': This function or variable may be unsafe. Consider using sprintf_s instead. To disable deprecation, use _CRT_SECURE_NO_WARNINGS. See online help for details.
D:\testsound\espeak-ng-wrapper\windows_dll\src\translate.cpp(1508,4): warning C4996: 'sprintf': This function or variable may be unsafe. Consider using sprintf_s instead. To disable deprecation, use _CRT_SECURE_NO_WARNINGS. See online help for details.
D:\testsound\espeak-ng-wrapper\windows_dll\src\translate.cpp(1523,3): warning C4996: 'sprintf': This function or variable may be unsafe. Consider using sprintf_s instead. To disable deprecation, use _CRT_SECURE_NO_WARNINGS. See online help for details.
D:\testsound\espeak-ng-wrapper\windows_dll\src\translate.cpp(1535,3): warning C4996: 'strcpy': This function or variable may be unsafe. Consider using strcpy_s instead. To disable deprecation, use _CRT_SECURE_NO_WARNINGS. See online help for details.
D:\testsound\espeak-ng-wrapper\windows_dll\src\translate.cpp(1748,4): warning C4996: 'strcpy': This function or variable may be unsafe. Consider using strcpy_s instead. To disable deprecation, use _CRT_SECURE_NO_WARNINGS. See online help for details.
D:\testsound\espeak-ng-wrapper\windows_dll\src\translate.cpp(1953,5): warning C4996: 'strcpy': This function or variable may be unsafe. Consider using strcpy_s instead. To disable deprecation, use _CRT_SECURE_NO_WARNINGS. See online help for details.
D:\testsound\espeak-ng-wrapper\windows_dll\src\translate.cpp(1976,6): warning C4996: 'strcpy': This function or variable may be unsafe. Consider using strcpy_s instead. To disable deprecation, use _CRT_SECURE_NO_WARNINGS. See online help for details.
D:\testsound\espeak-ng-wrapper\windows_dll\src\translate.cpp(2004,4): warning C4996: 'strcpy': This function or variable may be unsafe. Consider using strcpy_s instead. To disable deprecation, use _CRT_SECURE_NO_WARNINGS. See online help for details.
D:\testsound\espeak-ng-wrapper\windows_dll\src\translate.cpp(2057,5): warning C4996: 'strcpy': This function or variable may be unsafe. Consider using strcpy_s instead. To disable deprecation, use _CRT_SECURE_NO_WARNINGS. See online help for details.
D:\testsound\espeak-ng-wrapper\windows_dll\src\translate.cpp(2303,3): warning C4996: 'strcpy': This function or variable may be unsafe. Consider using strcpy_s instead. To disable deprecation, use _CRT_SECURE_NO_WARNINGS. See online help for details.
  synth_mbrola.cpp
D:\testsound\espeak-ng-wrapper\windows_dll\src\speech.h(38,1): warning C4005: “ESPEAK_API”: 宏重定义
D:\testsound\espeak-ng-wrapper\windows_dll\src\speak_lib.h(34): message : 参见“ESPEAK_API”的前一个定义
D:\testsound\espeak-ng-wrapper\windows_dll\src\synth_mbrola.cpp(135,2): warning C4996: 'sprintf': This function or variable may be unsafe. Consider using sprintf_s instead. To disable deprecation, use _CRT_SECURE_NO_WARNINGS. See online help for details.
D:\testsound\espeak-ng-wrapper\windows_dll\src\synth_mbrola.cpp(169,2): warning C4996: 'sprintf': This function or variable may be unsafe. Consider using sprintf_s instead. To disable deprecation, use _CRT_SECURE_NO_WARNINGS. See online help for details.
D:\testsound\espeak-ng-wrapper\windows_dll\src\synth_mbrola.cpp(171,13): warning C4996: 'fopen': This function or variable may be unsafe. Consider using fopen_s instead. To disable deprecation, use _CRT_SECURE_NO_WARNINGS. See online help for details.
D:\testsound\espeak-ng-wrapper\windows_dll\src\synth_mbrola.cpp(199,2): warning C4996: 'strcpy': This function or variable may be unsafe. Consider using strcpy_s instead. To disable deprecation, use _CRT_SECURE_NO_WARNINGS. See online help for details.
D:\testsound\espeak-ng-wrapper\windows_dll\src\synth_mbrola.cpp(362,3): warning C4996: 'sprintf': This function or variable may be unsafe. Consider using sprintf_s instead. To disable deprecation, use _CRT_SECURE_NO_WARNINGS. See online help for details.
D:\testsound\espeak-ng-wrapper\windows_dll\src\synth_mbrola.cpp(363,3): warning C4996: 'strcat': This function or variable may be unsafe. Consider using strcat_s instead. To disable deprecation, use _CRT_SECURE_NO_WARNINGS. See online help for details.
D:\testsound\espeak-ng-wrapper\windows_dll\src\synth_mbrola.cpp(388,5): warning C4996: 'sprintf': This function or variable may be unsafe. Consider using sprintf_s instead. To disable deprecation, use _CRT_SECURE_NO_WARNINGS. See online help for details.
D:\testsound\espeak-ng-wrapper\windows_dll\src\synth_mbrola.cpp(389,5): warning C4996: 'strcat': This function or variable may be unsafe. Consider using strcat_s instead. To disable deprecation, use _CRT_SECURE_NO_WARNINGS. See online help for details.
D:\testsound\espeak-ng-wrapper\windows_dll\src\synth_mbrola.cpp(397,3): warning C4996: 'sprintf': This function or variable may be unsafe. Consider using sprintf_s instead. To disable deprecation, use _CRT_SECURE_NO_WARNINGS. See online help for details.
D:\testsound\espeak-ng-wrapper\windows_dll\src\synth_mbrola.cpp(398,3): warning C4996: 'strcat': This function or variable may be unsafe. Consider using strcat_s instead. To disable deprecation, use _CRT_SECURE_NO_WARNINGS. See online help for details.
D:\testsound\espeak-ng-wrapper\windows_dll\src\synth_mbrola.cpp(402,3): warning C4996: 'sprintf': This function or variable may be unsafe. Consider using sprintf_s instead. To disable deprecation, use _CRT_SECURE_NO_WARNINGS. See online help for details.
D:\testsound\espeak-ng-wrapper\windows_dll\src\synth_mbrola.cpp(403,3): warning C4996: 'strcat': This function or variable may be unsafe. Consider using strcat_s instead. To disable deprecation, use _CRT_SECURE_NO_WARNINGS. See online help for details.
D:\testsound\espeak-ng-wrapper\windows_dll\src\synth_mbrola.cpp(405,2): warning C4996: 'strcat': This function or variable may be unsafe. Consider using strcat_s instead. To disable deprecation, use _CRT_SECURE_NO_WARNINGS. See online help for details.
D:\testsound\espeak-ng-wrapper\windows_dll\src\synth_mbrola.cpp(408,3): warning C4996: 'sprintf': This function or variable may be unsafe. Consider using sprintf_s instead. To disable deprecation, use _CRT_SECURE_NO_WARNINGS. See online help for details.
D:\testsound\espeak-ng-wrapper\windows_dll\src\synth_mbrola.cpp(497,10): warning C4996: 'sprintf': This function or variable may be unsafe. Consider using sprintf_s instead. To disable deprecation, use _CRT_SECURE_NO_WARNINGS. See online help for details.
D:\testsound\espeak-ng-wrapper\windows_dll\src\synth_mbrola.cpp(523,12): warning C4996: 'sprintf': This function or variable may be unsafe. Consider using sprintf_s instead. To disable deprecation, use _CRT_SECURE_NO_WARNINGS. See online help for details.
D:\testsound\espeak-ng-wrapper\windows_dll\src\synth_mbrola.cpp(531,12): warning C4996: 'sprintf': This function or variable may be unsafe. Consider using sprintf_s instead. To disable deprecation, use _CRT_SECURE_NO_WARNINGS. See online help for details.
D:\testsound\espeak-ng-wrapper\windows_dll\src\synth_mbrola.cpp(534,12): warning C4996: 'sprintf': This function or variable may be unsafe. Consider using sprintf_s instead. To disable deprecation, use _CRT_SECURE_NO_WARNINGS. See online help for details.
D:\testsound\espeak-ng-wrapper\windows_dll\src\synth_mbrola.cpp(596,12): warning C4996: 'sprintf': This function or variable may be unsafe. Consider using sprintf_s instead. To disable deprecation, use _CRT_SECURE_NO_WARNINGS. See online help for details.
D:\testsound\espeak-ng-wrapper\windows_dll\src\synth_mbrola.cpp(599,11): warning C4996: 'sprintf': This function or variable may be unsafe. Consider using sprintf_s instead. To disable deprecation, use _CRT_SECURE_NO_WARNINGS. See online help for details.
D:\testsound\espeak-ng-wrapper\windows_dll\src\synth_mbrola.cpp(605,11): warning C4996: 'sprintf': This function or variable may be unsafe. Consider using sprintf_s instead. To disable deprecation, use _CRT_SECURE_NO_WARNINGS. See online help for details.
  synthesize.cpp
D:\testsound\espeak-ng-wrapper\windows_dll\src\speech.h(38,1): warning C4005: “ESPEAK_API”: 宏重定义
D:\testsound\espeak-ng-wrapper\windows_dll\src\speak_lib.h(34): message : 参见“ESPEAK_API”的前一个定义
  synthdata.cpp
D:\testsound\espeak-ng-wrapper\windows_dll\src\speech.h(38,1): warning C4005: “ESPEAK_API”: 宏重定义
D:\testsound\espeak-ng-wrapper\windows_dll\src\speak_lib.h(34): message : 参见“ESPEAK_API”的前一个定义
D:\testsound\espeak-ng-wrapper\windows_dll\src\synthdata.cpp(81,2): warning C4996: 'sprintf': This function or variable may be unsafe. Consider using sprintf_s instead. To disable deprecation, use _CRT_SECURE_NO_WARNINGS. See online help for details.
D:\testsound\espeak-ng-wrapper\windows_dll\src\synthdata.cpp(84,13): warning C4996: 'fopen': This function or variable may be unsafe. Consider using fopen_s instead. To disable deprecation, use _CRT_SECURE_NO_WARNINGS. See online help for details.
D:\testsound\espeak-ng-wrapper\windows_dll\src\synthdata.cpp(483,2): warning C4996: 'sprintf': This function or variable may be unsafe. Consider using sprintf_s instead. To disable deprecation, use _CRT_SECURE_NO_WARNINGS. See online help for details.
D:\testsound\espeak-ng-wrapper\windows_dll\src\synthdata.cpp(484,10): warning C4996: 'fopen': This function or variable may be unsafe. Consider using fopen_s instead. To disable deprecation, use _CRT_SECURE_NO_WARNINGS. See online help for details.
D:\testsound\espeak-ng-wrapper\windows_dll\src\synthdata.cpp(495,7): warning C4996: 'sscanf': This function or variable may be unsafe. Consider using sscanf_s instead. To disable deprecation, use _CRT_SECURE_NO_WARNINGS. See online help for details.
D:\testsound\espeak-ng-wrapper\windows_dll\src\synthdata.cpp(496,19): warning C4996: 'fopen': This function or variable may be unsafe. Consider using fopen_s instead. To disable deprecation, use _CRT_SECURE_NO_WARNINGS. See online help for details.
D:\testsound\espeak-ng-wrapper\windows_dll\src\synthdata.cpp(506,4): warning C4996: 'sscanf': This function or variable may be unsafe. Consider using sscanf_s instead. To disable deprecation, use _CRT_SECURE_NO_WARNINGS. See online help for details.
D:\testsound\espeak-ng-wrapper\windows_dll\src\synthdata.cpp(511,9): warning C4996: 'sscanf': This function or variable may be unsafe. Consider using sscanf_s instead. To disable deprecation, use _CRT_SECURE_NO_WARNINGS. See online help for details.
D:\testsound\espeak-ng-wrapper\windows_dll\src\synthdata.cpp(516,5): warning C4996: 'strcpy': This function or variable may be unsafe. Consider using strcpy_s instead. To disable deprecation, use _CRT_SECURE_NO_WARNINGS. See online help for details.
  speak_lib.cpp
D:\testsound\espeak-ng-wrapper\windows_dll\src\speak_lib.cpp(337,3): warning C4996: 'sprintf': This function or variable may be unsafe. Consider using sprintf_s instead. To disable deprecation, use _CRT_SECURE_NO_WARNINGS. See online help for details.
D:\testsound\espeak-ng-wrapper\windows_dll\src\speak_lib.cpp(341,12): warning C4996: 'getenv': This function or variable may be unsafe. Consider using _dupenv_s instead. To disable deprecation, use _CRT_SECURE_NO_WARNINGS. See online help for details.
D:\testsound\espeak-ng-wrapper\windows_dll\src\speak_lib.cpp(343,3): warning C4996: 'sprintf': This function or variable may be unsafe. Consider using sprintf_s instead. To disable deprecation, use _CRT_SECURE_NO_WARNINGS. See online help for details.
D:\testsound\espeak-ng-wrapper\windows_dll\src\speak_lib.cpp(354,2): warning C4996: 'sprintf': This function or variable may be unsafe. Consider using sprintf_s instead. To disable deprecation, use _CRT_SECURE_NO_WARNINGS. See online help for details.
D:\testsound\espeak-ng-wrapper\windows_dll\src\speak_lib.cpp(723,2): warning C4996: 'sprintf': This function or variable may be unsafe. Consider using sprintf_s instead. To disable deprecation, use _CRT_SECURE_NO_WARNINGS. See online help for details.
D:\testsound\espeak-ng-wrapper\windows_dll\src\speak_lib.cpp(738,3): warning C4996: 'wcsncpy': This function or variable may be unsafe. Consider using wcsncpy_s instead. To disable deprecation, use _CRT_SECURE_NO_WARNINGS. See online help for details.
D:\testsound\espeak-ng-wrapper\windows_dll\src\speak_lib.cpp(746,9): warning C4068: 未知的 pragma
D:\testsound\espeak-ng-wrapper\windows_dll\src\speak_lib.cpp(1297,9): warning C4068: 未知的 pragma
  sonic.cpp
D:\testsound\espeak-ng-wrapper\windows_dll\src\sonic.cpp(66,5): warning C4996: 'vsprintf': This function or variable may be unsafe. Consider using vsprintf_s instead. To disable deprecation, use _CRT_SECURE_NO_WARNINGS. See online help for details.
D:\testsound\espeak-ng-wrapper\windows_dll\src\sonic.cpp(68,10): warning C4996: 'fopen': This function or variable may be unsafe. Consider using fopen_s instead. To disable deprecation, use _CRT_SECURE_NO_WARNINGS. See online help for details.
D:\testsound\espeak-ng-wrapper\windows_dll\src\sonic.cpp(79,26): warning C4244: “初始化”: 从“float”转换到“int”，可能丢失数据
D:\testsound\espeak-ng-wrapper\windows_dll\src\sonic.cpp(264,33): warning C4244: “=”: 从“float”转换到“short”，可能丢失数据
D:\testsound\espeak-ng-wrapper\windows_dll\src\sonic.cpp(747,20): warning C4244: “=”: 从“float”转换到“int”，可能丢失数据
D:\testsound\espeak-ng-wrapper\windows_dll\src\sonic.cpp(780,21): warning C4244: “=”: 从“float”转换到“long”，可能丢失数据
D:\testsound\espeak-ng-wrapper\windows_dll\src\sonic.cpp(783,54): warning C4244: “=”: 从“float”转换到“int”，可能丢失数据
D:\testsound\espeak-ng-wrapper\windows_dll\src\sonic.cpp(806,34): warning C4244: “=”: 从“float”转换到“long”，可能丢失数据
D:\testsound\espeak-ng-wrapper\windows_dll\src\sonic.cpp(809,59): warning C4244: “=”: 从“float”转换到“int”，可能丢失数据
  setlengths.cpp
D:\testsound\espeak-ng-wrapper\windows_dll\src\speech.h(38,1): warning C4005: “ESPEAK_API”: 宏重定义
D:\testsound\espeak-ng-wrapper\windows_dll\src\speak_lib.h(34): message : 参见“ESPEAK_API”的前一个定义
  readclause.cpp
D:\testsound\espeak-ng-wrapper\windows_dll\src\speech.h(38,1): warning C4005: “ESPEAK_API”: 宏重定义
D:\testsound\espeak-ng-wrapper\windows_dll\src\speak_lib.h(34): message : 参见“ESPEAK_API”的前一个定义
D:\testsound\espeak-ng-wrapper\windows_dll\src\readclause.cpp(735,3): warning C4996: 'sprintf': This function or variable may be unsafe. Consider using sprintf_s instead. To disable deprecation, use _CRT_SECURE_NO_WARNINGS. See online help for details.
D:\testsound\espeak-ng-wrapper\windows_dll\src\readclause.cpp(812,4): warning C4996: 'sprintf': This function or variable may be unsafe. Consider using sprintf_s instead. To disable deprecation, use _CRT_SECURE_NO_WARNINGS. See online help for details.
D:\testsound\espeak-ng-wrapper\windows_dll\src\readclause.cpp(819,4): warning C4996: 'sprintf': This function or variable may be unsafe. Consider using sprintf_s instead. To disable deprecation, use _CRT_SECURE_NO_WARNINGS. See online help for details.
D:\testsound\espeak-ng-wrapper\windows_dll\src\readclause.cpp(825,3): warning C4996: 'strcpy': This function or variable may be unsafe. Consider using strcpy_s instead. To disable deprecation, use _CRT_SECURE_NO_WARNINGS. See online help for details.
D:\testsound\espeak-ng-wrapper\windows_dll\src\readclause.cpp(868,3): warning C4996: 'sprintf': This function or variable may be unsafe. Consider using sprintf_s instead. To disable deprecation, use _CRT_SECURE_NO_WARNINGS. See online help for details.
D:\testsound\espeak-ng-wrapper\windows_dll\src\readclause.cpp(907,7): warning C4996: 'fopen': This function or variable may be unsafe. Consider using fopen_s instead. To disable deprecation, use _CRT_SECURE_NO_WARNINGS. See online help for details.
D:\testsound\espeak-ng-wrapper\windows_dll\src\readclause.cpp(977,2): warning C4996: 'strcpy': This function or variable may be unsafe. Consider using strcpy_s instead. To disable deprecation, use _CRT_SECURE_NO_WARNINGS. See online help for details.
D:\testsound\espeak-ng-wrapper\windows_dll\src\readclause.cpp(1007,3): warning C4996: 'sprintf': This function or variable may be unsafe. Consider using sprintf_s instead. To disable deprecation, use _CRT_SECURE_NO_WARNINGS. See online help for details.
D:\testsound\espeak-ng-wrapper\windows_dll\src\readclause.cpp(1044,5): warning C4996: 'sprintf': This function or variable may be unsafe. Consider using sprintf_s instead. To disable deprecation, use _CRT_SECURE_NO_WARNINGS. See online help for details.
D:\testsound\espeak-ng-wrapper\windows_dll\src\readclause.cpp(1051,6): warning C4996: 'sprintf': This function or variable may be unsafe. Consider using sprintf_s instead. To disable deprecation, use _CRT_SECURE_NO_WARNINGS. See online help for details.
D:\testsound\espeak-ng-wrapper\windows_dll\src\readclause.cpp(1055,6): warning C4996: 'sprintf': This function or variable may be unsafe. Consider using sprintf_s instead. To disable deprecation, use _CRT_SECURE_NO_WARNINGS. See online help for details.
D:\testsound\espeak-ng-wrapper\windows_dll\src\readclause.cpp(1056,6): warning C4996: 'strcat': This function or variable may be unsafe. Consider using strcat_s instead. To disable deprecation, use _CRT_SECURE_NO_WARNINGS. See online help for details.
D:\testsound\espeak-ng-wrapper\windows_dll\src\readclause.cpp(1061,6): warning C4996: 'sprintf': This function or variable may be unsafe. Consider using sprintf_s instead. To disable deprecation, use _CRT_SECURE_NO_WARNINGS. See online help for details.
D:\testsound\espeak-ng-wrapper\windows_dll\src\readclause.cpp(1062,6): warning C4996: 'strcat': This function or variable may be unsafe. Consider using strcat_s instead. To disable deprecation, use _CRT_SECURE_NO_WARNINGS. See online help for details.
D:\testsound\espeak-ng-wrapper\windows_dll\src\readclause.cpp(1067,5): warning C4996: 'sprintf': This function or variable may be unsafe. Consider using sprintf_s instead. To disable deprecation, use _CRT_SECURE_NO_WARNINGS. See online help for details.
D:\testsound\espeak-ng-wrapper\windows_dll\src\readclause.cpp(1088,2): warning C4996: 'strcpy': This function or variable may be unsafe. Consider using strcpy_s instead. To disable deprecation, use _CRT_SECURE_NO_WARNINGS. See online help for details.
D:\testsound\espeak-ng-wrapper\windows_dll\src\readclause.cpp(1192,2): warning C4996: 'strcpy': This function or variable may be unsafe. Consider using strcpy_s instead. To disable deprecation, use _CRT_SECURE_NO_WARNINGS. See online help for details.
D:\testsound\espeak-ng-wrapper\windows_dll\src\readclause.cpp(1193,2): warning C4996: 'strcpy': This function or variable may be unsafe. Consider using strcpy_s instead. To disable deprecation, use _CRT_SECURE_NO_WARNINGS. See online help for details.
D:\testsound\espeak-ng-wrapper\windows_dll\src\readclause.cpp(1207,4): warning C4996: 'strcpy': This function or variable may be unsafe. Consider using strcpy_s instead. To disable deprecation, use _CRT_SECURE_NO_WARNINGS. See online help for details.
D:\testsound\espeak-ng-wrapper\windows_dll\src\readclause.cpp(1215,4): warning C4996: 'strcpy': This function or variable may be unsafe. Consider using strcpy_s instead. To disable deprecation, use _CRT_SECURE_NO_WARNINGS. See online help for details.
D:\testsound\espeak-ng-wrapper\windows_dll\src\readclause.cpp(1224,6): warning C4996: 'strcpy': This function or variable may be unsafe. Consider using strcpy_s instead. To disable deprecation, use _CRT_SECURE_NO_WARNINGS. See online help for details.
D:\testsound\espeak-ng-wrapper\windows_dll\src\readclause.cpp(1253,3): warning C4996: 'sprintf': This function or variable may be unsafe. Consider using sprintf_s instead. To disable deprecation, use _CRT_SECURE_NO_WARNINGS. See online help for details.
D:\testsound\espeak-ng-wrapper\windows_dll\src\readclause.cpp(1306,5): warning C4996: 'sprintf': This function or variable may be unsafe. Consider using sprintf_s instead. To disable deprecation, use _CRT_SECURE_NO_WARNINGS. See online help for details.
D:\testsound\espeak-ng-wrapper\windows_dll\src\readclause.cpp(1311,4): warning C4996: 'strcpy': This function or variable may be unsafe. Consider using strcpy_s instead. To disable deprecation, use _CRT_SECURE_NO_WARNINGS. See online help for details.
D:\testsound\espeak-ng-wrapper\windows_dll\src\readclause.cpp(1576,3): warning C4996: 'strcpy': This function or variable may be unsafe. Consider using strcpy_s instead. To disable deprecation, use _CRT_SECURE_NO_WARNINGS. See online help for details.
D:\testsound\espeak-ng-wrapper\windows_dll\src\readclause.cpp(1661,3): warning C4996: 'strcpy': This function or variable may be unsafe. Consider using strcpy_s instead. To disable deprecation, use _CRT_SECURE_NO_WARNINGS. See online help for details.
D:\testsound\espeak-ng-wrapper\windows_dll\src\readclause.cpp(1960,3): warning C4996: 'sprintf': This function or variable may be unsafe. Consider using sprintf_s instead. To disable deprecation, use _CRT_SECURE_NO_WARNINGS. See online help for details.
D:\testsound\espeak-ng-wrapper\windows_dll\src\readclause.cpp(1961,3): warning C4996: 'strcpy': This function or variable may be unsafe. Consider using strcpy_s instead. To disable deprecation, use _CRT_SECURE_NO_WARNINGS. See online help for details.
D:\testsound\espeak-ng-wrapper\windows_dll\src\readclause.cpp(2014,5): warning C4996: 'sprintf': This function or variable may be unsafe. Consider using sprintf_s instead. To disable deprecation, use _CRT_SECURE_NO_WARNINGS. See online help for details.
D:\testsound\espeak-ng-wrapper\windows_dll\src\readclause.cpp(2015,5): warning C4996: 'strcpy': This function or variable may be unsafe. Consider using strcpy_s instead. To disable deprecation, use _CRT_SECURE_NO_WARNINGS. See online help for details.
D:\testsound\espeak-ng-wrapper\windows_dll\src\readclause.cpp(2033,6): warning C4996: 'sprintf': This function or variable may be unsafe. Consider using sprintf_s instead. To disable deprecation, use _CRT_SECURE_NO_WARNINGS. See online help for details.
D:\testsound\espeak-ng-wrapper\windows_dll\src\readclause.cpp(2042,6): warning C4996: 'sprintf': This function or variable may be unsafe. Consider using sprintf_s instead. To disable deprecation, use _CRT_SECURE_NO_WARNINGS. See online help for details.
D:\testsound\espeak-ng-wrapper\windows_dll\src\readclause.cpp(2043,6): warning C4996: 'strcpy': This function or variable may be unsafe. Consider using strcpy_s instead. To disable deprecation, use _CRT_SECURE_NO_WARNINGS. See online help for details.
D:\testsound\espeak-ng-wrapper\windows_dll\src\readclause.cpp(2055,7): warning C4996: 'sprintf': This function or variable may be unsafe. Consider using sprintf_s instead. To disable deprecation, use _CRT_SECURE_NO_WARNINGS. See online help for details.
D:\testsound\espeak-ng-wrapper\windows_dll\src\readclause.cpp(2056,7): warning C4996: 'strcpy': This function or variable may be unsafe. Consider using strcpy_s instead. To disable deprecation, use _CRT_SECURE_NO_WARNINGS. See online help for details.
D:\testsound\espeak-ng-wrapper\windows_dll\src\readclause.cpp(2087,5): warning C4996: 'sprintf': This function or variable may be unsafe. Consider using sprintf_s instead. To disable deprecation, use _CRT_SECURE_NO_WARNINGS. See online help for details.
D:\testsound\espeak-ng-wrapper\windows_dll\src\readclause.cpp(2286,3): warning C4996: 'strcpy': This function or variable may be unsafe. Consider using strcpy_s instead. To disable deprecation, use _CRT_SECURE_NO_WARNINGS. See online help for details.
D:\testsound\espeak-ng-wrapper\windows_dll\src\readclause.cpp(2363,5): warning C4996: 'sprintf': This function or variable may be unsafe. Consider using sprintf_s instead. To disable deprecation, use _CRT_SECURE_NO_WARNINGS. See online help for details.
D:\testsound\espeak-ng-wrapper\windows_dll\src\readclause.cpp(2371,16): warning C4996: 'sscanf': This function or variable may be unsafe. Consider using sscanf_s instead. To disable deprecation, use _CRT_SECURE_NO_WARNINGS. See online help for details.
D:\testsound\espeak-ng-wrapper\windows_dll\src\readclause.cpp(2373,16): warning C4996: 'sscanf': This function or variable may be unsafe. Consider using sscanf_s instead. To disable deprecation, use _CRT_SECURE_NO_WARNINGS. See online help for details.
D:\testsound\espeak-ng-wrapper\windows_dll\src\readclause.cpp(2459,8): warning C4996: 'strcpy': This function or variable may be unsafe. Consider using strcpy_s instead. To disable deprecation, use _CRT_SECURE_NO_WARNINGS. See online help for details.
D:\testsound\espeak-ng-wrapper\windows_dll\src\readclause.cpp(2509,5): warning C4996: 'strcpy': This function or variable may be unsafe. Consider using strcpy_s instead. To disable deprecation, use _CRT_SECURE_NO_WARNINGS. See online help for details.
D:\testsound\espeak-ng-wrapper\windows_dll\src\readclause.cpp(2607,6): warning C4996: 'sprintf': This function or variable may be unsafe. Consider using sprintf_s instead. To disable deprecation, use _CRT_SECURE_NO_WARNINGS. See online help for details.
D:\testsound\espeak-ng-wrapper\windows_dll\src\readclause.cpp(2611,7): warning C4996: 'strcpy': This function or variable may be unsafe. Consider using strcpy_s instead. To disable deprecation, use _CRT_SECURE_NO_WARNINGS. See online help for details.
D:\testsound\espeak-ng-wrapper\windows_dll\src\readclause.cpp(2756,5): warning C4996: 'sprintf': This function or variable may be unsafe. Consider using sprintf_s instead. To disable deprecation, use _CRT_SECURE_NO_WARNINGS. See online help for details.
  phonemelist.cpp
D:\testsound\espeak-ng-wrapper\windows_dll\src\speech.h(38,1): warning C4005: “ESPEAK_API”: 宏重定义
D:\testsound\espeak-ng-wrapper\windows_dll\src\speak_lib.h(34): message : 参见“ESPEAK_API”的前一个定义
  numbers.cpp
D:\testsound\espeak-ng-wrapper\windows_dll\src\speech.h(38,1): warning C4005: “ESPEAK_API”: 宏重定义
D:\testsound\espeak-ng-wrapper\windows_dll\src\speak_lib.h(34): message : 参见“ESPEAK_API”的前一个定义
D:\testsound\espeak-ng-wrapper\windows_dll\src\numbers.cpp(473,7): warning C4996: 'strcpy': This function or variable may be unsafe. Consider using strcpy_s instead. To disable deprecation, use _CRT_SECURE_NO_WARNINGS. See online help for details.
D:\testsound\espeak-ng-wrapper\windows_dll\src\numbers.cpp(482,6): warning C4996: 'sprintf': This function or variable may be unsafe. Consider using sprintf_s instead. To disable deprecation, use _CRT_SECURE_NO_WARNINGS. See online help for details.
D:\testsound\espeak-ng-wrapper\windows_dll\src\numbers.cpp(487,7): warning C4996: 'strcpy': This function or variable may be unsafe. Consider using strcpy_s instead. To disable deprecation, use _CRT_SECURE_NO_WARNINGS. See online help for details.
D:\testsound\espeak-ng-wrapper\windows_dll\src\numbers.cpp(489,7): warning C4996: 'sprintf': This function or variable may be unsafe. Consider using sprintf_s instead. To disable deprecation, use _CRT_SECURE_NO_WARNINGS. See online help for details.
D:\testsound\espeak-ng-wrapper\windows_dll\src\numbers.cpp(491,7): warning C4996: 'sprintf': This function or variable may be unsafe. Consider using sprintf_s instead. To disable deprecation, use _CRT_SECURE_NO_WARNINGS. See online help for details.
D:\testsound\espeak-ng-wrapper\windows_dll\src\numbers.cpp(531,4): warning C4996: 'sprintf': This function or variable may be unsafe. Consider using sprintf_s instead. To disable deprecation, use _CRT_SECURE_NO_WARNINGS. See online help for details.
D:\testsound\espeak-ng-wrapper\windows_dll\src\numbers.cpp(540,3): warning C4996: 'sprintf': This function or variable may be unsafe. Consider using sprintf_s instead. To disable deprecation, use _CRT_SECURE_NO_WARNINGS. See online help for details.
D:\testsound\espeak-ng-wrapper\windows_dll\src\numbers.cpp(568,2): warning C4996: 'strcpy': This function or variable may be unsafe. Consider using strcpy_s instead. To disable deprecation, use _CRT_SECURE_NO_WARNINGS. See online help for details.
D:\testsound\espeak-ng-wrapper\windows_dll\src\numbers.cpp(782,3): warning C4996: 'strcpy': This function or variable may be unsafe. Consider using strcpy_s instead. To disable deprecation, use _CRT_SECURE_NO_WARNINGS. See online help for details.
D:\testsound\espeak-ng-wrapper\windows_dll\src\numbers.cpp(823,6): warning C4996: 'strcpy': This function or variable may be unsafe. Consider using strcpy_s instead. To disable deprecation, use _CRT_SECURE_NO_WARNINGS. See online help for details.
D:\testsound\espeak-ng-wrapper\windows_dll\src\numbers.cpp(832,6): warning C4996: 'strcpy': This function or variable may be unsafe. Consider using strcpy_s instead. To disable deprecation, use _CRT_SECURE_NO_WARNINGS. See online help for details.
D:\testsound\espeak-ng-wrapper\windows_dll\src\numbers.cpp(960,6): warning C4996: 'sprintf': This function or variable may be unsafe. Consider using sprintf_s instead. To disable deprecation, use _CRT_SECURE_NO_WARNINGS. See online help for details.
D:\testsound\espeak-ng-wrapper\windows_dll\src\numbers.cpp(975,5): warning C4996: 'strcat': This function or variable may be unsafe. Consider using strcat_s instead. To disable deprecation, use _CRT_SECURE_NO_WARNINGS. See online help for details.
D:\testsound\espeak-ng-wrapper\windows_dll\src\numbers.cpp(983,3): warning C4996: 'sprintf': This function or variable may be unsafe. Consider using sprintf_s instead. To disable deprecation, use _CRT_SECURE_NO_WARNINGS. See online help for details.
D:\testsound\espeak-ng-wrapper\windows_dll\src\numbers.cpp(985,3): warning C4996: 'sprintf': This function or variable may be unsafe. Consider using sprintf_s instead. To disable deprecation, use _CRT_SECURE_NO_WARNINGS. See online help for details.
D:\testsound\espeak-ng-wrapper\windows_dll\src\numbers.cpp(988,3): warning C4996: 'strcpy': This function or variable may be unsafe. Consider using strcpy_s instead. To disable deprecation, use _CRT_SECURE_NO_WARNINGS. See online help for details.
D:\testsound\espeak-ng-wrapper\windows_dll\src\numbers.cpp(1225,3): warning C4996: 'strcpy': This function or variable may be unsafe. Consider using strcpy_s instead. To disable deprecation, use _CRT_SECURE_NO_WARNINGS. See online help for details.
D:\testsound\espeak-ng-wrapper\windows_dll\src\numbers.cpp(1229,2): warning C4996: 'sprintf': This function or variable may be unsafe. Consider using sprintf_s instead. To disable deprecation, use _CRT_SECURE_NO_WARNINGS. See online help for details.
D:\testsound\espeak-ng-wrapper\windows_dll\src\numbers.cpp(1266,3): warning C4996: 'strcat': This function or variable may be unsafe. Consider using strcat_s instead. To disable deprecation, use _CRT_SECURE_NO_WARNINGS. See online help for details.
D:\testsound\espeak-ng-wrapper\windows_dll\src\numbers.cpp(1339,5): warning C4996: 'sprintf': This function or variable may be unsafe. Consider using sprintf_s instead. To disable deprecation, use _CRT_SECURE_NO_WARNINGS. See online help for details.
D:\testsound\espeak-ng-wrapper\windows_dll\src\numbers.cpp(1345,5): warning C4996: 'sprintf': This function or variable may be unsafe. Consider using sprintf_s instead. To disable deprecation, use _CRT_SECURE_NO_WARNINGS. See online help for details.
D:\testsound\espeak-ng-wrapper\windows_dll\src\numbers.cpp(1351,5): warning C4996: 'sprintf': This function or variable may be unsafe. Consider using sprintf_s instead. To disable deprecation, use _CRT_SECURE_NO_WARNINGS. See online help for details.
D:\testsound\espeak-ng-wrapper\windows_dll\src\numbers.cpp(1357,4): warning C4996: 'sprintf': This function or variable may be unsafe. Consider using sprintf_s instead. To disable deprecation, use _CRT_SECURE_NO_WARNINGS. See online help for details.
D:\testsound\espeak-ng-wrapper\windows_dll\src\numbers.cpp(1375,5): warning C4996: 'sprintf': This function or variable may be unsafe. Consider using sprintf_s instead. To disable deprecation, use _CRT_SECURE_NO_WARNINGS. See online help for details.
D:\testsound\espeak-ng-wrapper\windows_dll\src\numbers.cpp(1381,5): warning C4996: 'sprintf': This function or variable may be unsafe. Consider using sprintf_s instead. To disable deprecation, use _CRT_SECURE_NO_WARNINGS. See online help for details.
D:\testsound\espeak-ng-wrapper\windows_dll\src\numbers.cpp(1387,5): warning C4996: 'sprintf': This function or variable may be unsafe. Consider using sprintf_s instead. To disable deprecation, use _CRT_SECURE_NO_WARNINGS. See online help for details.
D:\testsound\espeak-ng-wrapper\windows_dll\src\numbers.cpp(1393,4): warning C4996: 'sprintf': This function or variable may be unsafe. Consider using sprintf_s instead. To disable deprecation, use _CRT_SECURE_NO_WARNINGS. See online help for details.
D:\testsound\espeak-ng-wrapper\windows_dll\src\numbers.cpp(1399,6): warning C4996: 'sprintf': This function or variable may be unsafe. Consider using sprintf_s instead. To disable deprecation, use _CRT_SECURE_NO_WARNINGS. See online help for details.
D:\testsound\espeak-ng-wrapper\windows_dll\src\numbers.cpp(1410,6): warning C4996: 'sprintf': This function or variable may be unsafe. Consider using sprintf_s instead. To disable deprecation, use _CRT_SECURE_NO_WARNINGS. See online help for details.
D:\testsound\espeak-ng-wrapper\windows_dll\src\numbers.cpp(1418,2): warning C4996: 'sprintf': This function or variable may be unsafe. Consider using sprintf_s instead. To disable deprecation, use _CRT_SECURE_NO_WARNINGS. See online help for details.
D:\testsound\espeak-ng-wrapper\windows_dll\src\numbers.cpp(1473,3): warning C4996: 'strcpy': This function or variable may be unsafe. Consider using strcpy_s instead. To disable deprecation, use _CRT_SECURE_NO_WARNINGS. See online help for details.
D:\testsound\espeak-ng-wrapper\windows_dll\src\numbers.cpp(1483,5): warning C4996: 'sprintf': This function or variable may be unsafe. Consider using sprintf_s instead. To disable deprecation, use _CRT_SECURE_NO_WARNINGS. See online help for details.
D:\testsound\espeak-ng-wrapper\windows_dll\src\numbers.cpp(1486,6): warning C4996: 'sprintf': This function or variable may be unsafe. Consider using sprintf_s instead. To disable deprecation, use _CRT_SECURE_NO_WARNINGS. See online help for details.
D:\testsound\espeak-ng-wrapper\windows_dll\src\numbers.cpp(1492,5): warning C4996: 'strcpy': This function or variable may be unsafe. Consider using strcpy_s instead. To disable deprecation, use _CRT_SECURE_NO_WARNINGS. See online help for details.
D:\testsound\espeak-ng-wrapper\windows_dll\src\numbers.cpp(1496,6): warning C4996: 'sprintf': This function or variable may be unsafe. Consider using sprintf_s instead. To disable deprecation, use _CRT_SECURE_NO_WARNINGS. See online help for details.
D:\testsound\espeak-ng-wrapper\windows_dll\src\numbers.cpp(1500,8): warning C4996: 'strcpy': This function or variable may be unsafe. Consider using strcpy_s instead. To disable deprecation, use _CRT_SECURE_NO_WARNINGS. See online help for details.
D:\testsound\espeak-ng-wrapper\windows_dll\src\numbers.cpp(1505,6): warning C4996: 'sprintf': This function or variable may be unsafe. Consider using sprintf_s instead. To disable deprecation, use _CRT_SECURE_NO_WARNINGS. See online help for details.
D:\testsound\espeak-ng-wrapper\windows_dll\src\numbers.cpp(1519,7): warning C4996: 'sprintf': This function or variable may be unsafe. Consider using sprintf_s instead. To disable deprecation, use _CRT_SECURE_NO_WARNINGS. See online help for details.
D:\testsound\espeak-ng-wrapper\windows_dll\src\numbers.cpp(1527,7): warning C4996: 'sprintf': This function or variable may be unsafe. Consider using sprintf_s instead. To disable deprecation, use _CRT_SECURE_NO_WARNINGS. See online help for details.
D:\testsound\espeak-ng-wrapper\windows_dll\src\numbers.cpp(1529,7): warning C4996: 'sprintf': This function or variable may be unsafe. Consider using sprintf_s instead. To disable deprecation, use _CRT_SECURE_NO_WARNINGS. See online help for details.
D:\testsound\espeak-ng-wrapper\windows_dll\src\numbers.cpp(1541,7): warning C4996: 'sprintf': This function or variable may be unsafe. Consider using sprintf_s instead. To disable deprecation, use _CRT_SECURE_NO_WARNINGS. See online help for details.
D:\testsound\espeak-ng-wrapper\windows_dll\src\numbers.cpp(1566,6): warning C4996: 'sprintf': This function or variable may be unsafe. Consider using sprintf_s instead. To disable deprecation, use _CRT_SECURE_NO_WARNINGS. See online help for details.
D:\testsound\espeak-ng-wrapper\windows_dll\src\numbers.cpp(1574,8): warning C4996: 'strcat': This function or variable may be unsafe. Consider using strcat_s instead. To disable deprecation, use _CRT_SECURE_NO_WARNINGS. See online help for details.
D:\testsound\espeak-ng-wrapper\windows_dll\src\numbers.cpp(1581,7): warning C4996: 'sprintf': This function or variable may be unsafe. Consider using sprintf_s instead. To disable deprecation, use _CRT_SECURE_NO_WARNINGS. See online help for details.
D:\testsound\espeak-ng-wrapper\windows_dll\src\numbers.cpp(1583,7): warning C4996: 'sprintf': This function or variable may be unsafe. Consider using sprintf_s instead. To disable deprecation, use _CRT_SECURE_NO_WARNINGS. See online help for details.
D:\testsound\espeak-ng-wrapper\windows_dll\src\numbers.cpp(1591,6): warning C4996: 'sprintf': This function or variable may be unsafe. Consider using sprintf_s instead. To disable deprecation, use _CRT_SECURE_NO_WARNINGS. See online help for details.
D:\testsound\espeak-ng-wrapper\windows_dll\src\numbers.cpp(1603,7): warning C4996: 'strcpy': This function or variable may be unsafe. Consider using strcpy_s instead. To disable deprecation, use _CRT_SECURE_NO_WARNINGS. See online help for details.
D:\testsound\espeak-ng-wrapper\windows_dll\src\numbers.cpp(1612,8): warning C4996: 'sprintf': This function or variable may be unsafe. Consider using sprintf_s instead. To disable deprecation, use _CRT_SECURE_NO_WARNINGS. See online help for details.
D:\testsound\espeak-ng-wrapper\windows_dll\src\numbers.cpp(1618,8): warning C4996: 'sprintf': This function or variable may be unsafe. Consider using sprintf_s instead. To disable deprecation, use _CRT_SECURE_NO_WARNINGS. See online help for details.
D:\testsound\espeak-ng-wrapper\windows_dll\src\numbers.cpp(1629,9): warning C4996: 'sprintf': This function or variable may be unsafe. Consider using sprintf_s instead. To disable deprecation, use _CRT_SECURE_NO_WARNINGS. See online help for details.
D:\testsound\espeak-ng-wrapper\windows_dll\src\numbers.cpp(1636,10): warning C4996: 'sprintf': This function or variable may be unsafe. Consider using sprintf_s instead. To disable deprecation, use _CRT_SECURE_NO_WARNINGS. See online help for details.
D:\testsound\espeak-ng-wrapper\windows_dll\src\numbers.cpp(1638,10): warning C4996: 'sprintf': This function or variable may be unsafe. Consider using sprintf_s instead. To disable deprecation, use _CRT_SECURE_NO_WARNINGS. See online help for details.
D:\testsound\espeak-ng-wrapper\windows_dll\src\numbers.cpp(1644,8): warning C4996: 'sprintf': This function or variable may be unsafe. Consider using sprintf_s instead. To disable deprecation, use _CRT_SECURE_NO_WARNINGS. See online help for details.
D:\testsound\espeak-ng-wrapper\windows_dll\src\numbers.cpp(1668,5): warning C4996: 'sprintf': This function or variable may be unsafe. Consider using sprintf_s instead. To disable deprecation, use _CRT_SECURE_NO_WARNINGS. See online help for details.
D:\testsound\espeak-ng-wrapper\windows_dll\src\numbers.cpp(1670,5): warning C4996: 'sprintf': This function or variable may be unsafe. Consider using sprintf_s instead. To disable deprecation, use _CRT_SECURE_NO_WARNINGS. See online help for details.
D:\testsound\espeak-ng-wrapper\windows_dll\src\numbers.cpp(1687,4): warning C4996: 'sprintf': This function or variable may be unsafe. Consider using sprintf_s instead. To disable deprecation, use _CRT_SECURE_NO_WARNINGS. See online help for details.
D:\testsound\espeak-ng-wrapper\windows_dll\src\numbers.cpp(1816,5): warning C4996: 'sprintf': This function or variable may be unsafe. Consider using sprintf_s instead. To disable deprecation, use _CRT_SECURE_NO_WARNINGS. See online help for details.
D:\testsound\espeak-ng-wrapper\windows_dll\src\numbers.cpp(1818,5): warning C4996: 'sprintf': This function or variable may be unsafe. Consider using sprintf_s instead. To disable deprecation, use _CRT_SECURE_NO_WARNINGS. See online help for details.
D:\testsound\espeak-ng-wrapper\windows_dll\src\numbers.cpp(1843,5): warning C4996: 'sprintf': This function or variable may be unsafe. Consider using sprintf_s instead. To disable deprecation, use _CRT_SECURE_NO_WARNINGS. See online help for details.
D:\testsound\espeak-ng-wrapper\windows_dll\src\numbers.cpp(1850,6): warning C4996: 'strcat': This function or variable may be unsafe. Consider using strcat_s instead. To disable deprecation, use _CRT_SECURE_NO_WARNINGS. See online help for details.
D:\testsound\espeak-ng-wrapper\windows_dll\src\numbers.cpp(1869,7): warning C4996: 'sprintf': This function or variable may be unsafe. Consider using sprintf_s instead. To disable deprecation, use _CRT_SECURE_NO_WARNINGS. See online help for details.
D:\testsound\espeak-ng-wrapper\windows_dll\src\numbers.cpp(1875,7): warning C4996: 'sprintf': This function or variable may be unsafe. Consider using sprintf_s instead. To disable deprecation, use _CRT_SECURE_NO_WARNINGS. See online help for details.
D:\testsound\espeak-ng-wrapper\windows_dll\src\numbers.cpp(1901,3): warning C4996: 'sprintf': This function or variable may be unsafe. Consider using sprintf_s instead. To disable deprecation, use _CRT_SECURE_NO_WARNINGS. See online help for details.
D:\testsound\espeak-ng-wrapper\windows_dll\src\numbers.cpp(1967,4): warning C4996: 'strcpy': This function or variable may be unsafe. Consider using strcpy_s instead. To disable deprecation, use _CRT_SECURE_NO_WARNINGS. See online help for details.
D:\testsound\espeak-ng-wrapper\windows_dll\src\numbers.cpp(1971,2): warning C4996: 'sprintf': This function or variable may be unsafe. Consider using sprintf_s instead. To disable deprecation, use _CRT_SECURE_NO_WARNINGS. See online help for details.
D:\testsound\espeak-ng-wrapper\windows_dll\src\numbers.cpp(2107,5): warning C4996: 'sprintf': This function or variable may be unsafe. Consider using sprintf_s instead. To disable deprecation, use _CRT_SECURE_NO_WARNINGS. See online help for details.
D:\testsound\espeak-ng-wrapper\windows_dll\src\numbers.cpp(2114,6): warning C4996: 'sprintf': This function or variable may be unsafe. Consider using sprintf_s instead. To disable deprecation, use _CRT_SECURE_NO_WARNINGS. See online help for details.
D:\testsound\espeak-ng-wrapper\windows_dll\src\numbers.cpp(2226,4): warning C4996: 'sprintf': This function or variable may be unsafe. Consider using sprintf_s instead. To disable deprecation, use _CRT_SECURE_NO_WARNINGS. See online help for details.
D:\testsound\espeak-ng-wrapper\windows_dll\src\numbers.cpp(2229,5): warning C4996: 'sprintf': This function or variable may be unsafe. Consider using sprintf_s instead. To disable deprecation, use _CRT_SECURE_NO_WARNINGS. See online help for details.
D:\testsound\espeak-ng-wrapper\windows_dll\src\numbers.cpp(2270,5): warning C4996: 'sprintf': This function or variable may be unsafe. Consider using sprintf_s instead. To disable deprecation, use _CRT_SECURE_NO_WARNINGS. See online help for details.
D:\testsound\espeak-ng-wrapper\windows_dll\src\numbers.cpp(2298,3): warning C4996: 'sprintf': This function or variable may be unsafe. Consider using sprintf_s instead. To disable deprecation, use _CRT_SECURE_NO_WARNINGS. See online help for details.
D:\testsound\espeak-ng-wrapper\windows_dll\src\numbers.cpp(2300,3): warning C4996: 'sprintf': This function or variable may be unsafe. Consider using sprintf_s instead. To disable deprecation, use _CRT_SECURE_NO_WARNINGS. See online help for details.
D:\testsound\espeak-ng-wrapper\windows_dll\src\numbers.cpp(2323,6): warning C4996: 'strcat': This function or variable may be unsafe. Consider using strcat_s instead. To disable deprecation, use _CRT_SECURE_NO_WARNINGS. See online help for details.
D:\testsound\espeak-ng-wrapper\windows_dll\src\numbers.cpp(2330,6): warning C4996: 'strcat': This function or variable may be unsafe. Consider using strcat_s instead. To disable deprecation, use _CRT_SECURE_NO_WARNINGS. See online help for details.
D:\testsound\espeak-ng-wrapper\windows_dll\src\numbers.cpp(2342,6): warning C4996: 'sprintf': This function or variable may be unsafe. Consider using sprintf_s instead. To disable deprecation, use _CRT_SECURE_NO_WARNINGS. See online help for details.
D:\testsound\espeak-ng-wrapper\windows_dll\src\numbers.cpp(2347,7): warning C4996: 'strcat': This function or variable may be unsafe. Consider using strcat_s instead. To disable deprecation, use _CRT_SECURE_NO_WARNINGS. See online help for details.
D:\testsound\espeak-ng-wrapper\windows_dll\src\numbers.cpp(2349,7): warning C4996: 'strcat': This function or variable may be unsafe. Consider using strcat_s instead. To disable deprecation, use _CRT_SECURE_NO_WARNINGS. See online help for details.
D:\testsound\espeak-ng-wrapper\windows_dll\src\numbers.cpp(2351,5): warning C4996: 'strcat': This function or variable may be unsafe. Consider using strcat_s instead. To disable deprecation, use _CRT_SECURE_NO_WARNINGS. See online help for details.
D:\testsound\espeak-ng-wrapper\windows_dll\src\numbers.cpp(2360,6): warning C4996: 'strcat': This function or variable may be unsafe. Consider using strcat_s instead. To disable deprecation, use _CRT_SECURE_NO_WARNINGS. See online help for details.
D:\testsound\espeak-ng-wrapper\windows_dll\src\numbers.cpp(2369,6): warning C4996: 'sprintf': This function or variable may be unsafe. Consider using sprintf_s instead. To disable deprecation, use _CRT_SECURE_NO_WARNINGS. See online help for details.
D:\testsound\espeak-ng-wrapper\windows_dll\src\numbers.cpp(2373,6): warning C4996: 'strcat': This function or variable may be unsafe. Consider using strcat_s instead. To disable deprecation, use _CRT_SECURE_NO_WARNINGS. See online help for details.
D:\testsound\espeak-ng-wrapper\windows_dll\src\numbers.cpp(2384,4): warning C4996: 'sprintf': This function or variable may be unsafe. Consider using sprintf_s instead. To disable deprecation, use _CRT_SECURE_NO_WARNINGS. See online help for details.
D:\testsound\espeak-ng-wrapper\windows_dll\src\numbers.cpp(2389,4): warning C4996: 'strcat': This function or variable may be unsafe. Consider using strcat_s instead. To disable deprecation, use _CRT_SECURE_NO_WARNINGS. See online help for details.
D:\testsound\espeak-ng-wrapper\windows_dll\src\numbers.cpp(2394,4): warning C4996: 'strcat': This function or variable may be unsafe. Consider using strcat_s instead. To disable deprecation, use _CRT_SECURE_NO_WARNINGS. See online help for details.
D:\testsound\espeak-ng-wrapper\windows_dll\src\numbers.cpp(2413,4): warning C4996: 'strcat': This function or variable may be unsafe. Consider using strcat_s instead. To disable deprecation, use _CRT_SECURE_NO_WARNINGS. See online help for details.
  klatt.cpp
D:\testsound\espeak-ng-wrapper\windows_dll\src\speech.h(38,1): warning C4005: “ESPEAK_API”: 宏重定义
D:\testsound\espeak-ng-wrapper\windows_dll\src\speak_lib.h(34): message : 参见“ESPEAK_API”的前一个定义
  intonation.cpp
D:\testsound\espeak-ng-wrapper\windows_dll\src\speech.h(38,1): warning C4005: “ESPEAK_API”: 宏重定义
D:\testsound\espeak-ng-wrapper\windows_dll\src\speak_lib.h(34): message : 参见“ESPEAK_API”的前一个定义
  dictionary.cpp
D:\testsound\espeak-ng-wrapper\windows_dll\src\speech.h(38,1): warning C4005: “ESPEAK_API”: 宏重定义
D:\testsound\espeak-ng-wrapper\windows_dll\src\speak_lib.h(34): message : 参见“ESPEAK_API”的前一个定义
D:\testsound\espeak-ng-wrapper\windows_dll\src\dictionary.cpp(88,2): warning C4996: 'strncpy': This function or variable may be unsafe. Consider using strncpy_s instead. To disable deprecation, use _CRT_SECURE_NO_WARNINGS. See online help for details.
D:\testsound\espeak-ng-wrapper\windows_dll\src\dictionary.cpp(249,2): warning C4996: 'strcpy': This function or variable may be unsafe. Consider using strcpy_s instead. To disable deprecation, use _CRT_SECURE_NO_WARNINGS. See online help for details.
D:\testsound\espeak-ng-wrapper\windows_dll\src\dictionary.cpp(250,2): warning C4996: 'strcpy': This function or variable may be unsafe. Consider using strcpy_s instead. To disable deprecation, use _CRT_SECURE_NO_WARNINGS. See online help for details.
D:\testsound\espeak-ng-wrapper\windows_dll\src\dictionary.cpp(255,2): warning C4996: 'sprintf': This function or variable may be unsafe. Consider using sprintf_s instead. To disable deprecation, use _CRT_SECURE_NO_WARNINGS. See online help for details.
D:\testsound\espeak-ng-wrapper\windows_dll\src\dictionary.cpp(264,6): warning C4996: 'fopen': This function or variable may be unsafe. Consider using fopen_s instead. To disable deprecation, use _CRT_SECURE_NO_WARNINGS. See online help for details.
D:\testsound\espeak-ng-wrapper\windows_dll\src\dictionary.cpp(483,2): warning C4996: 'sprintf': This function or variable may be unsafe. Consider using sprintf_s instead. To disable deprecation, use _CRT_SECURE_NO_WARNINGS. See online help for details.
D:\testsound\espeak-ng-wrapper\windows_dll\src\dictionary.cpp(554,3): warning C4996: 'sprintf': This function or variable may be unsafe. Consider using sprintf_s instead. To disable deprecation, use _CRT_SECURE_NO_WARNINGS. See online help for details.
D:\testsound\espeak-ng-wrapper\windows_dll\src\dictionary.cpp(590,4): warning C4996: 'strcpy': This function or variable may be unsafe. Consider using strcpy_s instead. To disable deprecation, use _CRT_SECURE_NO_WARNINGS. See online help for details.
D:\testsound\espeak-ng-wrapper\windows_dll\src\dictionary.cpp(767,26): warning C4018: “>=”: 有符号/无符号不匹配
D:\testsound\espeak-ng-wrapper\windows_dll\src\dictionary.cpp(779,3): warning C4996: 'strcpy': This function or variable may be unsafe. Consider using strcpy_s instead. To disable deprecation, use _CRT_SECURE_NO_WARNINGS. See online help for details.
D:\testsound\espeak-ng-wrapper\windows_dll\src\dictionary.cpp(1132,2): warning C4996: 'strcpy': This function or variable may be unsafe. Consider using strcpy_s instead. To disable deprecation, use _CRT_SECURE_NO_WARNINGS. See online help for details.
D:\testsound\espeak-ng-wrapper\windows_dll\src\dictionary.cpp(1878,3): warning C4996: 'strcat': This function or variable may be unsafe. Consider using strcat_s instead. To disable deprecation, use _CRT_SECURE_NO_WARNINGS. See online help for details.
D:\testsound\espeak-ng-wrapper\windows_dll\src\dictionary.cpp(2672,5): warning C4996: 'strcat': This function or variable may be unsafe. Consider using strcat_s instead. To disable deprecation, use _CRT_SECURE_NO_WARNINGS. See online help for details.
D:\testsound\espeak-ng-wrapper\windows_dll\src\dictionary.cpp(2743,9): warning C4996: 'sprintf': This function or variable may be unsafe. Consider using sprintf_s instead. To disable deprecation, use _CRT_SECURE_NO_WARNINGS. See online help for details.
D:\testsound\espeak-ng-wrapper\windows_dll\src\dictionary.cpp(2800,9): warning C4996: 'sprintf': This function or variable may be unsafe. Consider using sprintf_s instead. To disable deprecation, use _CRT_SECURE_NO_WARNINGS. See online help for details.
D:\testsound\espeak-ng-wrapper\windows_dll\src\dictionary.cpp(2806,9): warning C4996: 'sprintf': This function or variable may be unsafe. Consider using sprintf_s instead. To disable deprecation, use _CRT_SECURE_NO_WARNINGS. See online help for details.
D:\testsound\espeak-ng-wrapper\windows_dll\src\dictionary.cpp(2865,5): warning C4996: 'strcpy': This function or variable may be unsafe. Consider using strcpy_s instead. To disable deprecation, use _CRT_SECURE_NO_WARNINGS. See online help for details.
D:\testsound\espeak-ng-wrapper\windows_dll\src\dictionary.cpp(2885,6): warning C4996: 'strcpy': This function or variable may be unsafe. Consider using strcpy_s instead. To disable deprecation, use _CRT_SECURE_NO_WARNINGS. See online help for details.
D:\testsound\espeak-ng-wrapper\windows_dll\src\dictionary.cpp(3155,4): warning C4996: 'strcpy': This function or variable may be unsafe. Consider using strcpy_s instead. To disable deprecation, use _CRT_SECURE_NO_WARNINGS. See online help for details.
D:\testsound\espeak-ng-wrapper\windows_dll\src\dictionary.cpp(3553,5): warning C4996: 'sprintf': This function or variable may be unsafe. Consider using sprintf_s instead. To disable deprecation, use _CRT_SECURE_NO_WARNINGS. See online help for details.
D:\testsound\espeak-ng-wrapper\windows_dll\src\dictionary.cpp(3604,3): warning C4996: 'strcpy': This function or variable may be unsafe. Consider using strcpy_s instead. To disable deprecation, use _CRT_SECURE_NO_WARNINGS. See online help for details.
  compiledict.cpp
D:\testsound\espeak-ng-wrapper\windows_dll\src\speech.h(38,1): warning C4005: “ESPEAK_API”: 宏重定义
D:\testsound\espeak-ng-wrapper\windows_dll\src\speak_lib.h(34): message : 参见“ESPEAK_API”的前一个定义
D:\testsound\espeak-ng-wrapper\windows_dll\src\compiledict.cpp(176,10): warning C4996: 'fopen': This function or variable may be unsafe. Consider using fopen_s instead. To disable deprecation, use _CRT_SECURE_NO_WARNINGS. See online help for details.
D:\testsound\espeak-ng-wrapper\windows_dll\src\compiledict.cpp(210,3): warning C4996: 'sprintf': This function or variable may be unsafe. Consider using sprintf_s instead. To disable deprecation, use _CRT_SECURE_NO_WARNINGS. See online help for details.
D:\testsound\espeak-ng-wrapper\windows_dll\src\compiledict.cpp(224,4): warning C4996: 'sprintf': This function or variable may be unsafe. Consider using sprintf_s instead. To disable deprecation, use _CRT_SECURE_NO_WARNINGS. See online help for details.
D:\testsound\espeak-ng-wrapper\windows_dll\src\compiledict.cpp(295,5): warning C4996: 'strcat': This function or variable may be unsafe. Consider using strcat_s instead. To disable deprecation, use _CRT_SECURE_NO_WARNINGS. See online help for details.
D:\testsound\espeak-ng-wrapper\windows_dll\src\compiledict.cpp(321,5): warning C4996: 'strcpy': This function or variable may be unsafe. Consider using strcpy_s instead. To disable deprecation, use _CRT_SECURE_NO_WARNINGS. See online help for details.
D:\testsound\espeak-ng-wrapper\windows_dll\src\compiledict.cpp(333,4): warning C4996: 'sprintf': This function or variable may be unsafe. Consider using sprintf_s instead. To disable deprecation, use _CRT_SECURE_NO_WARNINGS. See online help for details.
D:\testsound\espeak-ng-wrapper\windows_dll\src\compiledict.cpp(338,6): warning C4996: 'sprintf': This function or variable may be unsafe. Consider using sprintf_s instead. To disable deprecation, use _CRT_SECURE_NO_WARNINGS. See online help for details.
D:\testsound\espeak-ng-wrapper\windows_dll\src\compiledict.cpp(341,4): warning C4996: 'strcpy': This function or variable may be unsafe. Consider using strcpy_s instead. To disable deprecation, use _CRT_SECURE_NO_WARNINGS. See online help for details.
D:\testsound\espeak-ng-wrapper\windows_dll\src\compiledict.cpp(378,3): warning C4996: 'sprintf': This function or variable may be unsafe. Consider using sprintf_s instead. To disable deprecation, use _CRT_SECURE_NO_WARNINGS. See online help for details.
D:\testsound\espeak-ng-wrapper\windows_dll\src\compiledict.cpp(383,3): warning C4996: 'sprintf': This function or variable may be unsafe. Consider using sprintf_s instead. To disable deprecation, use _CRT_SECURE_NO_WARNINGS. See online help for details.
D:\testsound\espeak-ng-wrapper\windows_dll\src\compiledict.cpp(398,2): warning C4996: 'strcat': This function or variable may be unsafe. Consider using strcat_s instead. To disable deprecation, use _CRT_SECURE_NO_WARNINGS. See online help for details.
D:\testsound\espeak-ng-wrapper\windows_dll\src\compiledict.cpp(644,4): warning C4996: 'strcat': This function or variable may be unsafe. Consider using strcat_s instead. To disable deprecation, use _CRT_SECURE_NO_WARNINGS. See online help for details.
D:\testsound\espeak-ng-wrapper\windows_dll\src\compiledict.cpp(694,5): warning C4996: 'sscanf': This function or variable may be unsafe. Consider using sscanf_s instead. To disable deprecation, use _CRT_SECURE_NO_WARNINGS. See online help for details.
D:\testsound\espeak-ng-wrapper\windows_dll\src\compiledict.cpp(754,3): warning C4996: 'strcpy': This function or variable may be unsafe. Consider using strcpy_s instead. To disable deprecation, use _CRT_SECURE_NO_WARNINGS. See online help for details.
D:\testsound\espeak-ng-wrapper\windows_dll\src\compiledict.cpp(863,2): warning C4996: 'sprintf': This function or variable may be unsafe. Consider using sprintf_s instead. To disable deprecation, use _CRT_SECURE_NO_WARNINGS. See online help for details.
D:\testsound\espeak-ng-wrapper\windows_dll\src\compiledict.cpp(864,13): warning C4996: 'fopen': This function or variable may be unsafe. Consider using fopen_s instead. To disable deprecation, use _CRT_SECURE_NO_WARNINGS. See online help for details.
D:\testsound\espeak-ng-wrapper\windows_dll\src\compiledict.cpp(866,3): warning C4996: 'sprintf': This function or variable may be unsafe. Consider using sprintf_s instead. To disable deprecation, use _CRT_SECURE_NO_WARNINGS. See online help for details.
D:\testsound\espeak-ng-wrapper\windows_dll\src\compiledict.cpp(867,14): warning C4996: 'fopen': This function or variable may be unsafe. Consider using fopen_s instead. To disable deprecation, use _CRT_SECURE_NO_WARNINGS. See online help for details.
D:\testsound\espeak-ng-wrapper\windows_dll\src\compiledict.cpp(1286,3): warning C4996: 'strcpy': This function or variable may be unsafe. Consider using strcpy_s instead. To disable deprecation, use _CRT_SECURE_NO_WARNINGS. See online help for details.
D:\testsound\espeak-ng-wrapper\windows_dll\src\compiledict.cpp(1305,2): warning C4996: 'strcpy': This function or variable may be unsafe. Consider using strcpy_s instead. To disable deprecation, use _CRT_SECURE_NO_WARNINGS. See online help for details.
D:\testsound\espeak-ng-wrapper\windows_dll\src\compiledict.cpp(1322,2): warning C4996: 'strcpy': This function or variable may be unsafe. Consider using strcpy_s instead. To disable deprecation, use _CRT_SECURE_NO_WARNINGS. See online help for details.
D:\testsound\espeak-ng-wrapper\windows_dll\src\compiledict.cpp(1380,3): warning C4996: 'sprintf': This function or variable may be unsafe. Consider using sprintf_s instead. To disable deprecation, use _CRT_SECURE_NO_WARNINGS. See online help for details.
D:\testsound\espeak-ng-wrapper\windows_dll\src\compiledict.cpp(1717,5): warning C4996: 'strcpy': This function or variable may be unsafe. Consider using strcpy_s instead. To disable deprecation, use _CRT_SECURE_NO_WARNINGS. See online help for details.
D:\testsound\espeak-ng-wrapper\windows_dll\src\compiledict.cpp(1766,8): warning C4996: 'sscanf': This function or variable may be unsafe. Consider using sscanf_s instead. To disable deprecation, use _CRT_SECURE_NO_WARNINGS. See online help for details.
D:\testsound\espeak-ng-wrapper\windows_dll\src\compiledict.cpp(1853,15): warning C4996: 'fopen': This function or variable may be unsafe. Consider using fopen_s instead. To disable deprecation, use _CRT_SECURE_NO_WARNINGS. See online help for details.
D:\testsound\espeak-ng-wrapper\windows_dll\src\compiledict.cpp(1933,2): warning C4996: 'sprintf': This function or variable may be unsafe. Consider using sprintf_s instead. To disable deprecation, use _CRT_SECURE_NO_WARNINGS. See online help for details.
D:\testsound\espeak-ng-wrapper\windows_dll\src\compiledict.cpp(1934,2): warning C4996: 'sprintf': This function or variable may be unsafe. Consider using sprintf_s instead. To disable deprecation, use _CRT_SECURE_NO_WARNINGS. See online help for details.
D:\testsound\espeak-ng-wrapper\windows_dll\src\compiledict.cpp(1935,13): warning C4996: 'fopen': This function or variable may be unsafe. Consider using fopen_s instead. To disable deprecation, use _CRT_SECURE_NO_WARNINGS. See online help for details.
D:\testsound\espeak-ng-wrapper\windows_dll\src\compiledict.cpp(1937,3): warning C4996: 'sprintf': This function or variable may be unsafe. Consider using sprintf_s instead. To disable deprecation, use _CRT_SECURE_NO_WARNINGS. See online help for details.
D:\testsound\espeak-ng-wrapper\windows_dll\src\compiledict.cpp(1941,5): warning C4996: 'strcpy': This function or variable may be unsafe. Consider using strcpy_s instead. To disable deprecation, use _CRT_SECURE_NO_WARNINGS. See online help for details.
D:\testsound\espeak-ng-wrapper\windows_dll\src\compiledict.cpp(1946,2): warning C4996: 'sprintf': This function or variable may be unsafe. Consider using sprintf_s instead. To disable deprecation, use _CRT_SECURE_NO_WARNINGS. See online help for details.
D:\testsound\espeak-ng-wrapper\windows_dll\src\compiledict.cpp(1950,4): warning C4996: 'strcpy': This function or variable may be unsafe. Consider using strcpy_s instead. To disable deprecation, use _CRT_SECURE_NO_WARNINGS. See online help for details.
D:\testsound\espeak-ng-wrapper\windows_dll\src\compiledict.cpp(1953,2): warning C4996: 'sprintf': This function or variable may be unsafe. Consider using sprintf_s instead. To disable deprecation, use _CRT_SECURE_NO_WARNINGS. See online help for details.
  正在生成代码...
C:\Program Files (x86)\Microsoft Visual Studio\2019\Community\MSBuild\Microsoft\VC\v160\Microsoft.CppBuild.targets(1278,5): warning MSB8012: TargetPath(D:\testsound\espeak-ng-wrapper\ConsoleApp1test\bin\Debug\espeak.dll) 与 Linker 的 OutputFile 属性值(D:\testsound\espeak-ng-wrapper\windows_dll\Debug\espeak_lib.dll)不匹配。这可能导致项目生成不正确。若要更正此问题，请确保 $(OutDir)、$(TargetName) 和 $(TargetExt) 属性值与 %(Link.OutputFile) 中指定的值匹配。
C:\Program Files (x86)\Microsoft Visual Studio\2019\Community\MSBuild\Microsoft\VC\v160\Microsoft.CppBuild.targets(1280,5): warning MSB8012: TargetName(espeak) 与 Linker 的 OutputFile 属性值(espeak_lib)不匹配。这可能导致项目生成不正确。若要更正此问题，请确保 $(OutDir)、$(TargetName) 和 $(TargetExt) 属性值与 %(Link.OutputFile) 中指定的值匹配。
    正在创建库 .\Debug\espeak_lib.lib 和对象 .\Debug\espeak_lib.exp
  espeak.vcxproj -> D:\testsound\espeak-ng-wrapper\ConsoleApp1test\bin\Debug\espeak.dll
