d:\chromdown\espeak-1.48.04-source\platforms\windows\windows_dll\debug\espeak.pch
d:\chromdown\espeak-1.48.04-source\platforms\windows\windows_dll\debug\vc142.pdb
d:\chromdown\espeak-1.48.04-source\platforms\windows\windows_dll\debug\stdafx.obj
d:\chromdown\espeak-1.48.04-source\platforms\windows\windows_dll\debug\wavegen.obj
d:\chromdown\espeak-1.48.04-source\platforms\windows\windows_dll\debug\voices.obj
d:\chromdown\espeak-1.48.04-source\platforms\windows\windows_dll\debug\tr_languages.obj
d:\chromdown\espeak-1.48.04-source\platforms\windows\windows_dll\debug\translate.obj
d:\chromdown\espeak-1.48.04-source\platforms\windows\windows_dll\debug\synth_mbrola.obj
d:\chromdown\espeak-1.48.04-source\platforms\windows\windows_dll\debug\synthesize.obj
d:\chromdown\espeak-1.48.04-source\platforms\windows\windows_dll\debug\synthdata.obj
d:\chromdown\espeak-1.48.04-source\platforms\windows\windows_dll\debug\speak_lib.obj
d:\chromdown\espeak-1.48.04-source\platforms\windows\windows_dll\debug\sonic.obj
d:\chromdown\espeak-1.48.04-source\platforms\windows\windows_dll\debug\setlengths.obj
d:\chromdown\espeak-1.48.04-source\platforms\windows\windows_dll\debug\readclause.obj
d:\chromdown\espeak-1.48.04-source\platforms\windows\windows_dll\debug\phonemelist.obj
d:\chromdown\espeak-1.48.04-source\platforms\windows\windows_dll\debug\numbers.obj
d:\chromdown\espeak-1.48.04-source\platforms\windows\windows_dll\debug\klatt.obj
d:\chromdown\espeak-1.48.04-source\platforms\windows\windows_dll\debug\intonation.obj
d:\chromdown\espeak-1.48.04-source\platforms\windows\windows_dll\debug\dictionary.obj
d:\chromdown\espeak-1.48.04-source\platforms\windows\windows_dll\debug\compiledict.obj
d:\chromdown\espeak-1.48.04-source\platforms\windows\windows_dll\debug\espeak_lib.lib
d:\chromdown\espeak-1.48.04-source\platforms\windows\windows_dll\debug\espeak_lib.exp
d:\chromdown\espeak-1.48.04-source\platforms\windows\windows_dll\debug\espeak_lib.ilk
d:\chromdown\espeak-1.48.04-source\platforms\windows\windows_dll\debug\espeak_lib.dll
d:\chromdown\espeak-1.48.04-source\platforms\windows\windows_dll\x64\debug\espeak.pdb
d:\chromdown\espeak-1.48.04-source\platforms\windows\windows_dll\x64\debug\project1test.ilk
d:\chromdown\espeak-1.48.04-source\platforms\windows\windows_dll\x64\debug\project1test.pdb
d:\chromdown\espeak-1.48.04-source\platforms\windows\windows_dll\x64\debug\espeak.tlog\cl.command.1.tlog
d:\chromdown\espeak-1.48.04-source\platforms\windows\windows_dll\x64\debug\espeak.tlog\cl.read.1.tlog
d:\chromdown\espeak-1.48.04-source\platforms\windows\windows_dll\x64\debug\espeak.tlog\cl.write.1.tlog
d:\chromdown\espeak-1.48.04-source\platforms\windows\windows_dll\x64\debug\espeak.tlog\espeak.write.1u.tlog
d:\chromdown\espeak-1.48.04-source\platforms\windows\windows_dll\x64\debug\espeak.tlog\link.command.1.tlog
d:\chromdown\espeak-1.48.04-source\platforms\windows\windows_dll\x64\debug\espeak.tlog\link.read.1.tlog
d:\chromdown\espeak-1.48.04-source\platforms\windows\windows_dll\x64\debug\espeak.tlog\link.write.1.tlog
